# JRE version: OpenJDK Runtime Environment Corretto-17.0.11.9.1 (17.0.11+9) (build 17.0.11+9-LTS)
# Java VM: OpenJDK 64-Bit Server VM Corretto-17.0.11.9.1 (17.0.11+9-LTS, mixed mode, sharing, tiered, compressed oops, compressed class ptrs, g1 gc, windows-amd64)
GC Precious Log:
 CPUs: 12 total, 12 available
 Memory: 7489M
 Large Page Support: Disabled
 NUMA Support: Disabled
 Compressed Oops: Enabled (32-bit)
 Heap Region Size: 1M
 Heap Min Capacity: 8M
 Heap Initial Capacity: 118M
 Heap Max Capacity: 1874M
 Pre-touch: Disabled
 Parallel Workers: 10
 Concurrent Workers: 3
 Concurrent Refinement Workers: 10
 Periodic GC: Disabled
Heap:
 garbage-first heap   total 113664K, used 83414K [0x000000008ae00000, 0x0000000100000000)
  region size 1024K, 37 young (37888K), 1 survivors (1024K)
 Metaspace       used 82869K, committed 83392K, reserved 1179648K
  class space    used 11266K, committed 11520K, reserved 1048576K
GC Heap History (20 events):
Event: 45.517 GC heap before
{Heap before GC invocations=21 (full 0):
 garbage-first heap   total 78848K, used 37720K [0x000000008ae00000, 0x0000000100000000)
  region size 1024K, 5 young (5120K), 4 survivors (4096K)
 Metaspace       used 65770K, committed 66240K, reserved 1114112K
  class space    used 9031K, committed 9280K, reserved 1048576K
}
Event: 45.520 GC heap after
{Heap after GC invocations=22 (full 0):
 garbage-first heap   total 78848K, used 37184K [0x000000008ae00000, 0x0000000100000000)
  region size 1024K, 1 young (1024K), 1 survivors (1024K)
 Metaspace       used 65770K, committed 66240K, reserved 1114112K
  class space    used 9031K, committed 9280K, reserved 1048576K
}
Event: 46.253 GC heap before
{Heap before GC invocations=22 (full 0):
 garbage-first heap   total 78848K, used 63808K [0x000000008ae00000, 0x0000000100000000)
  region size 1024K, 27 young (27648K), 1 survivors (1024K)
 Metaspace       used 69716K, committed 70272K, reserved 1114112K
  class space    used 9554K, committed 9792K, reserved 1048576K
}
Event: 46.256 GC heap after
{Heap after GC invocations=23 (full 0):
 garbage-first heap   total 78848K, used 38539K [0x000000008ae00000, 0x0000000100000000)
  region size 1024K, 2 young (2048K), 2 survivors (2048K)
 Metaspace       used 69716K, committed 70272K, reserved 1114112K
  class space    used 9554K, committed 9792K, reserved 1048576K
}
Event: 47.235 GC heap before
{Heap before GC invocations=24 (full 0):
 garbage-first heap   total 78848K, used 63115K [0x000000008ae00000, 0x0000000100000000)
  region size 1024K, 27 young (27648K), 2 survivors (2048K)
 Metaspace       used 72551K, committed 73152K, reserved 1114112K
  class space    used 9995K, committed 10304K, reserved 1048576K
}
Event: 47.239 GC heap after
{Heap after GC invocations=25 (full 0):
 garbage-first heap   total 113664K, used 41106K [0x000000008ae00000, 0x0000000100000000)
  region size 1024K, 4 young (4096K), 4 survivors (4096K)
 Metaspace       used 72551K, committed 73152K, reserved 1114112K
  class space    used 9995K, committed 10304K, reserved 1048576K
}
Event: 47.278 GC heap before
{Heap before GC invocations=25 (full 0):
 garbage-first heap   total 113664K, used 42130K [0x000000008ae00000, 0x0000000100000000)
  region size 1024K, 5 young (5120K), 4 survivors (4096K)
 Metaspace       used 72706K, committed 73280K, reserved 1114112K
  class space    used 10014K, committed 10304K, reserved 1048576K
}
Event: 47.282 GC heap after
{Heap after GC invocations=26 (full 0):
 garbage-first heap   total 113664K, used 41345K [0x000000008ae00000, 0x0000000100000000)
  region size 1024K, 1 young (1024K), 1 survivors (1024K)
 Metaspace       used 72706K, committed 73280K, reserved 1114112K
  class space    used 10014K, committed 10304K, reserved 1048576K
}
Event: 49.834 GC heap before
{Heap before GC invocations=26 (full 0):
 garbage-first heap   total 113664K, used 90497K [0x000000008ae00000, 0x0000000100000000)
  region size 1024K, 49 young (50176K), 1 survivors (1024K)
 Metaspace       used 80004K, committed 80576K, reserved 1179648K
  class space    used 11002K, committed 11264K, reserved 1048576K
}
Event: 49.839 GC heap after
{Heap after GC invocations=27 (full 0):
 garbage-first heap   total 113664K, used 46792K [0x000000008ae00000, 0x0000000100000000)
  region size 1024K, 6 young (6144K), 6 survivors (6144K)
 Metaspace       used 80004K, committed 80576K, reserved 1179648K
  class space    used 11002K, committed 11264K, reserved 1048576K
}
Event: 510.574 GC heap before
{Heap before GC invocations=27 (full 0):
 garbage-first heap   total 113664K, used 89800K [0x000000008ae00000, 0x0000000100000000)
  region size 1024K, 48 young (49152K), 6 survivors (6144K)
 Metaspace       used 82292K, committed 82880K, reserved 1179648K
  class space    used 11263K, committed 11520K, reserved 1048576K
}
Event: 510.826 GC heap after
{Heap after GC invocations=28 (full 0):
 garbage-first heap   total 113664K, used 47963K [0x000000008ae00000, 0x0000000100000000)
  region size 1024K, 2 young (2048K), 2 survivors (2048K)
 Metaspace       used 82292K, committed 82880K, reserved 1179648K
  class space    used 11263K, committed 11520K, reserved 1048576K
}
Event: 1179.993 GC heap before
{Heap before GC invocations=28 (full 0):
 garbage-first heap   total 113664K, used 90971K [0x000000008ae00000, 0x0000000100000000)
  region size 1024K, 44 young (45056K), 2 survivors (2048K)
 Metaspace       used 82429K, committed 82944K, reserved 1179648K
  class space    used 11263K, committed 11520K, reserved 1048576K
}
Event: 1180.084 GC heap after
{Heap after GC invocations=29 (full 0):
 garbage-first heap   total 113664K, used 47623K [0x000000008ae00000, 0x0000000100000000)
  region size 1024K, 2 young (2048K), 2 survivors (2048K)
 Metaspace       used 82429K, committed 82944K, reserved 1179648K
  class space    used 11263K, committed 11520K, reserved 1048576K
}
Event: 1808.499 GC heap before
{Heap before GC invocations=29 (full 0):
 garbage-first heap   total 113664K, used 91655K [0x000000008ae00000, 0x0000000100000000)
  region size 1024K, 45 young (46080K), 2 survivors (2048K)
 Metaspace       used 82578K, committed 83136K, reserved 1179648K
  class space    used 11266K, committed 11520K, reserved 1048576K
}
Event: 1808.573 GC heap after
{Heap after GC invocations=30 (full 0):
 garbage-first heap   total 113664K, used 47662K [0x000000008ae00000, 0x0000000100000000)
  region size 1024K, 2 young (2048K), 2 survivors (2048K)
 Metaspace       used 82578K, committed 83136K, reserved 1179648K
  class space    used 11266K, committed 11520K, reserved 1048576K
}
Event: 2471.139 GC heap before
{Heap before GC invocations=30 (full 0):
 garbage-first heap   total 113664K, used 92718K [0x000000008ae00000, 0x0000000100000000)
  region size 1024K, 46 young (47104K), 2 survivors (2048K)
 Metaspace       used 82684K, committed 83264K, reserved 1179648K
  class space    used 11266K, committed 11520K, reserved 1048576K
}
Event: 2471.229 GC heap after
{Heap after GC invocations=31 (full 0):
 garbage-first heap   total 113664K, used 47647K [0x000000008ae00000, 0x0000000100000000)
  region size 1024K, 2 young (2048K), 2 survivors (2048K)
 Metaspace       used 82684K, committed 83264K, reserved 1179648K
  class space    used 11266K, committed 11520K, reserved 1048576K
}
Event: 3146.386 GC heap before
{Heap before GC invocations=31 (full 0):
 garbage-first heap   total 113664K, used 93727K [0x000000008ae00000, 0x0000000100000000)
  region size 1024K, 47 young (48128K), 2 survivors (2048K)
 Metaspace       used 82809K, committed 83392K, reserved 1179648K
  class space    used 11266K, committed 11520K, reserved 1048576K
}
Event: 3146.454 GC heap after
{Heap after GC invocations=32 (full 0):
 garbage-first heap   total 113664K, used 47574K [0x000000008ae00000, 0x0000000100000000)
  region size 1024K, 1 young (1024K), 1 survivors (1024K)
 Metaspace       used 82809K, committed 83392K, reserved 1179648K
  class space    used 11266K, committed 11520K, reserved 1048576K
}

